<?xml version="1.0" encoding="UTF-8"?>
<testng-results skipped="0" failed="0" total="1" passed="1">
  <reporter-output>
  </reporter-output>
  <suite name="Surefire suite" duration-ms="101" started-at="2019-09-02T17:35:05Z" finished-at="2019-09-02T17:35:05Z">
    <groups>
    </groups>
    <test name="Surefire test" duration-ms="101" started-at="2019-09-02T17:35:05Z" finished-at="2019-09-02T17:35:05Z">
      <class name="basicUnitTest.UnitTestPrint">
        <test-method status="PASS" signature="printMsg()" name="printMsg" duration-ms="74" started-at="2019-09-02T17:35:05Z" finished-at="2019-09-02T17:35:05Z">
        </test-method>
      </class>
    </test>
  </suite>
</testng-results>
