<?xml version="1.0" encoding="UTF-8"?>
<testng-results skipped="0" failed="0" ignored="0" total="1" passed="1">
  <reporter-output>
  </reporter-output>
  <suite name="Default suite" duration-ms="193" started-at="2019-06-13T07:29:54Z" finished-at="2019-06-13T07:29:54Z">
    <groups>
    </groups>
    <test name="Default test" duration-ms="193" started-at="2019-06-13T07:29:54Z" finished-at="2019-06-13T07:29:54Z">
      <class name="basicUnitTest.UnitTestPrint">
        <test-method status="PASS" signature="printMsg()[pri:0, instance:basicUnitTest.UnitTestPrint@50c87b21]" name="printMsg" duration-ms="60" started-at="2019-06-13T07:29:54Z" finished-at="2019-06-13T07:29:54Z">
          <reporter-output>
          </reporter-output>
        </test-method> <!-- printMsg -->
      </class> <!-- basicUnitTest.UnitTestPrint -->
    </test> <!-- Default test -->
  </suite> <!-- Default suite -->
</testng-results>
